<?xml version="1.0" encoding="UTF-8"?>
<!-- Generated by org.testng.reporters.JUnitXMLReporter -->
<testsuite ignored="2" hostname="mdotottsws111" failures="0" tests="1" name="Parameter Test thirteen" time="37.546" errors="0" timestamp="2023-02-02T02:19:36 EST">
  <testcase classname="KeywordDriverUtil.KeywordTestNG" name="ExecuteTest1" time="37.542"/>
  <testcase classname="KeywordDriverUtil.KeywordTestNG" name="ExecuteTest2" time="0.0">
    <ignored/>
  </testcase> <!-- ExecuteTest2 -->
  <testcase classname="KeywordDriverUtil.KeywordTestNG" name="ExecuteTest3" time="0.0">
    <ignored/>
  </testcase> <!-- ExecuteTest3 -->
</testsuite> <!-- Parameter Test thirteen -->
